Name                                              Stmts   Miss  Cover   Missing
-------------------------------------------------------------------------------
converter/__init__.py                                 0      0   100%
converter/behaviors/__init__.py                       2      0   100%
converter/behaviors/hold_tap.py                      80     46    42%   22-30, 35, 50-63, 69, 89-136, 141
converter/behaviors/macro.py                         38     14    63%   44, 52-66, 72-93
converter/behaviors/sticky_key.py                    28     13    54%   22-23, 30-46, 54-69, 74, 83
converter/behaviors/unicode.py                       23     13    43%   22-23, 32-35, 49-58
converter/dts/__init__.py                             0      0   100%
converter/dts/ast.py                                 59      8    86%   24, 80-84, 95, 146, 156
converter/dts/error_handler.py                       67     18    73%   44, 94, 104-106, 110-133, 141-143, 147-170
converter/dts/extractor.py                          348    122    65%   64-89, 109-113, 117-121, 125-134, 153, 172, 197-198, 208, 219-223, 231, 242, 257-261, 266-269, 274-279, 285-286, 289-293, 310, 321-325, 330-335, 340-344, 356-359, 363-367, 396, 402, 424, 456-460, 494, 516, 522-534, 549-551, 561-563, 568-572, 578-580, 583-594, 598-600, 607-613, 620-624
converter/dts/parser.py                             391    101    74%   93-98, 118, 127-157, 160-188, 216-218, 242-245, 260-263, 282-284, 298-299, 310, 358, 374-376, 424-425, 447-449, 483-489, 495-499, 510, 559-563, 568-592, 595-596, 639-644, 662-682, 693, 701-706, 726-730
converter/dts/preprocessor.py                       122     30    75%   64, 75-77, 84-90, 151-152, 177, 201-207, 221-222, 275, 289, 302-303, 319-333
converter/error_handling/error_manager.py            40     18    55%   42-55, 63, 67, 75, 83-92
converter/kanata_converter.py                        49     41    16%   11, 59-74, 86-95, 112-128, 143-161
converter/model/__init__.py                           0      0   100%
converter/model/keymap_model.py                     154    103    33%   24, 50-94, 109-111, 121, 136-138, 142-168, 188-276
converter/models.py                                 198    112    43%   17, 33-38, 54-56, 61-80, 86-142, 146-158, 170, 212, 237, 263-269, 287-293, 312-317, 336-347, 366-392, 412
converter/transformer/__init__.py                     0      0   100%
converter/transformer/holdtap_transformer.py         52     32    38%   73-168, 203, 205-207, 209-211
converter/transformer/kanata_transformer.py         364    146    60%   72, 102-111, 115, 118, 122, 132-146, 169-204, 234-240, 263-269, 281-288, 317-318, 325, 334-337, 374-380, 399, 412, 433, 449, 453, 457-458, 462-463, 468, 472-478, 482-484, 492-514, 526-531, 535-541, 550-557, 567-572, 578-587, 604, 611-617
converter/transformer/keycode_map.py                 28     10    64%   187-194, 197, 206-207
converter/transformer/macro_transformer.py           73     48    34%   312-335, 337-363, 370
converter/transformer/sticky_key_transformer.py      63     54    14%   24-142
tests/__init__.py                                     0      0   100%
tests/dts/test_ast.py                                64      0   100%
tests/dts/test_end_to_end.py                        111      0   100%
tests/dts/test_extractor.py                          65      0   100%
tests/dts/test_integration.py                        92      0   100%
tests/dts/test_parser.py                            188      0   100%
tests/dts/test_performance.py                        78      0   100%
tests/dts/test_preprocessor.py                      125     21    83%   40-59, 65-85, 258-262, 267-272, 277-279, 284-286
tests/test_dts_parser.py                            116     94    19%   12-44, 49-81, 86-102, 107-124, 129-147, 152-158, 163-166, 171-200, 270-272, 290-296
tests/test_dts_preprocessor.py                       43     37    14%   10-35, 40-61, 66-74
tests/test_hold_tap_behavior.py                      74     66    11%   6-10, 14-19, 23-37, 41-48, 57-81, 85-144
tests/test_holdtap_transformer.py                    79     65    18%   16-27, 37-40, 44-49, 53-57, 61-66, 70-86, 90-105, 110-125, 129-136, 140-146, 150-156
tests/test_kanata_converter.py                      157    138    12%   12-38, 44-100, 106-148, 154-165, 171-182, 187-209, 214-228, 233-248, 253-264, 269-311, 316-330, 335-351, 356-378
tests/test_keymap_model.py                          113    101    11%   9-11, 16-22, 27-31, 36-47, 52-57, 62-71, 76-82, 87-122, 127-172, 177-187
tests/test_main.py                                   75     53    29%   52-54, 60-67, 73-75, 80-83, 91-96, 101-110, 115-120, 125-130, 135-140, 146-151, 159-165
tests/test_regression_real_world.py                  50     30    40%   19-21, 30-46, 54-62, 71-86, 97-100
tests/test_unicode_behavior.py                       35     26    26%   5-7, 11-13, 17-19, 23-25, 29-30, 34-36, 40-41, 45-57
-------------------------------------------------------------------------------
TOTAL                                              3644   1560    57%
